<?xml version="1.0" encoding="UTF-8"?>
<testsuite xmlns:xsi="http://www.w3.org/2001/XMLSchema-instance" xsi:noNamespaceSchemaLocation="https://maven.apache.org/surefire/maven-surefire-plugin/xsd/surefire-test-report-3.0.xsd" version="3.0" name="TestSuite" time="80.988" tests="6" errors="0" skipped="0" failures="0">
  <properties>
[...]
</properties>
  <testcase name="runScenario[&quot;Sort products from Z to A&quot;, &quot;Inventory management&quot;](1)" classname="com.saucedemo.tests.runners.RunCucumberTest" time="25.814">
    <system-out><![CDATA[
@smoke @inventory
Scenario: Sort products from Z to A                                    # src/test/resources/features/inventory.feature:7

@smoke @checkout
Scenario: Complete checkout for a single product              # src/test/resources/features/checkout.feature:7
2026-04-13 19:17:47 [TestNG-PoolService-1] INFO  io.github.bonigarcia.wdm.WebDriverManager - Using chromedriver 146.0.7680.165 (resolved driver for Chrome 146)
2026-04-13 19:17:47 [TestNG-PoolService-2] INFO  io.github.bonigarcia.wdm.WebDriverManager - Using chromedriver 146.0.7680.165 (resolved driver for Chrome 146)
2026-04-13 19:17:48 [TestNG-PoolService-2] INFO  io.github.bonigarcia.wdm.WebDriverManager - Exporting webdriver.chrome.driver as C:\Users\ikinc\.cache\selenium\chromedriver\win64\146.0.7680.165\chromedriver.exe
2026-04-13 19:17:48 [TestNG-PoolService-1] INFO  io.github.bonigarcia.wdm.WebDriverManager - Exporting webdriver.chrome.driver as C:\Users\ikinc\.cache\selenium\chromedriver\win64\146.0.7680.165\chromedriver.exe
2026-04-13 19:17:51 [TestNG-PoolService-1] INFO  com.saucedemo.tests.hooks.Hooks - Starting scenario: Complete checkout for a single product on browser=chrome
2026-04-13 19:17:51 [TestNG-PoolService-2] INFO  com.saucedemo.tests.hooks.Hooks - Starting scenario: Sort products from Z to A on browser=chrome
  Given the user is logged in as a valid shopper                       # com.saucedemo.tests.steps.InventorySteps.theUserIsLoggedInAsAValidShopper()
  Given the user is ready to checkout a product               # com.saucedemo.tests.steps.CheckoutSteps.theUserIsReadyToCheckoutAProduct()
  When the user sorts products by "Name (Z to A)"                      # com.saucedemo.tests.steps.InventorySteps.theUserSortsProductsBy(java.lang.String)
  Then the inventory should be sorted in descending alphabetical order # com.saucedemo.tests.steps.InventorySteps.theInventoryShouldBeSortedInDescendingAlphabeticalOrder()
  When the user completes checkout with default customer data # com.saucedemo.tests.steps.CheckoutSteps.theUserCompletesCheckoutWithDefaultCustomerData()
  Then the checkout should finish successfully                # com.saucedemo.tests.steps.CheckoutSteps.theCheckoutShouldFinishSuccessfully()
2026-04-13 19:18:05 [TestNG-PoolService-2] INFO  com.saucedemo.tests.hooks.Hooks - Finished scenario: Sort products from Z to A with status=PASSED
]]></system-out>
    <system-err><![CDATA[Apr. 13, 2026 7:17:51 P.M. org.openqa.selenium.devtools.CdpVersionFinder findNearestMatch
WARNING: Unable to find CDP implementation matching 146
Apr. 13, 2026 7:17:51 P.M. org.openqa.selenium.devtools.CdpVersionFinder findNearestMatch
WARNING: Unable to find CDP implementation matching 146
Apr. 13, 2026 7:17:51 P.M. org.openqa.selenium.chromium.ChromiumDriver lambda$new$5
WARNING: Unable to find version of CDP to use for 146.0.7680.178. You may need to include a dependency on a specific version of the CDP using something similar to `org.seleniumhq.selenium:selenium-devtools-v86:4.20.0` where the version ("v86") matches the version of the chromium-based browser you're using and the version number of the artifact is the same as Selenium's.
Apr. 13, 2026 7:17:51 P.M. org.openqa.selenium.chromium.ChromiumDriver lambda$new$5
WARNING: Unable to find version of CDP to use for 146.0.7680.178. You may need to include a dependency on a specific version of the CDP using something similar to `org.seleniumhq.selenium:selenium-devtools-v86:4.20.0` where the version ("v86") matches the version of the chromium-based browser you're using and the version number of the artifact is the same as Selenium's.
]]></system-err>
  </testcase>
  <testcase name="runScenario[&quot;Complete checkout for a single product&quot;, &quot;Checkout flow&quot;](2)" classname="com.saucedemo.tests.runners.RunCucumberTest" time="0.966">
    <system-out><![CDATA[
@smoke @inventory
Scenario: Add a product to the cart from the products page # src/test/resources/features/inventory.feature:12
2026-04-13 19:18:05 [TestNG-PoolService-2] INFO  io.github.bonigarcia.wdm.WebDriverManager - Using chromedriver 146.0.7680.165 (resolved driver for Chrome 146)
2026-04-13 19:18:05 [TestNG-PoolService-2] INFO  io.github.bonigarcia.wdm.WebDriverManager - Exporting webdriver.chrome.driver as C:\Users\ikinc\.cache\selenium\chromedriver\win64\146.0.7680.165\chromedriver.exe
2026-04-13 19:18:06 [TestNG-PoolService-1] INFO  com.saucedemo.tests.hooks.Hooks - Finished scenario: Complete checkout for a single product with status=PASSED
]]></system-out>
  </testcase>
  <testcase name="runScenario[&quot;Add a product to the cart from the products page&quot;, &quot;Inventory management&quot;](3)" classname="com.saucedemo.tests.runners.RunCucumberTest" time="8.166">
    <system-out><![CDATA[
@smoke @inventory
Scenario: Remove a product from the products page                    # src/test/resources/features/inventory.feature:19
2026-04-13 19:18:06 [TestNG-PoolService-1] INFO  io.github.bonigarcia.wdm.WebDriverManager - Using chromedriver 146.0.7680.165 (resolved driver for Chrome 146)
2026-04-13 19:18:06 [TestNG-PoolService-1] INFO  io.github.bonigarcia.wdm.WebDriverManager - Exporting webdriver.chrome.driver as C:\Users\ikinc\.cache\selenium\chromedriver\win64\146.0.7680.165\chromedriver.exe
2026-04-13 19:18:06 [TestNG-PoolService-2] INFO  com.saucedemo.tests.hooks.Hooks - Starting scenario: Add a product to the cart from the products page on browser=chrome
2026-04-13 19:18:07 [TestNG-PoolService-1] INFO  com.saucedemo.tests.hooks.Hooks - Starting scenario: Remove a product from the products page on browser=chrome
  Given the user is logged in as a valid shopper           # com.saucedemo.tests.steps.InventorySteps.theUserIsLoggedInAsAValidShopper()
  When the user adds "Sauce Labs Backpack" to the cart     # com.saucedemo.tests.steps.InventorySteps.theUserAddsToTheCart(java.lang.String)
  Given the user is logged in as a valid shopper                     # com.saucedemo.tests.steps.InventorySteps.theUserIsLoggedInAsAValidShopper()
  Then the cart badge should show 1                        # com.saucedemo.tests.steps.InventorySteps.theCartBadgeShouldShow(java.lang.Integer)
  When the user adds "Sauce Labs Backpack" to the cart               # com.saucedemo.tests.steps.InventorySteps.theUserAddsToTheCart(java.lang.String)
  Then the cart badge should show 1                                  # com.saucedemo.tests.steps.InventorySteps.theCartBadgeShouldShow(java.lang.Integer)
  When the user opens the cart                             # com.saucedemo.tests.steps.InventorySteps.theUserOpensTheCart()
  When the user removes "Sauce Labs Backpack" from the products page # com.saucedemo.tests.steps.InventorySteps.theUserRemovesFromTheProductsPage(java.lang.String)
  Then the cart should contain "Sauce Labs Backpack"       # com.saucedemo.tests.steps.InventorySteps.theCartShouldContain(java.lang.String)
2026-04-13 19:18:14 [TestNG-PoolService-2] INFO  com.saucedemo.tests.hooks.Hooks - Finished scenario: Add a product to the cart from the products page with status=PASSED
]]></system-out>
    <system-err><![CDATA[Apr. 13, 2026 7:18:06 P.M. org.openqa.selenium.devtools.CdpVersionFinder findNearestMatch
WARNING: Unable to find CDP implementation matching 146
Apr. 13, 2026 7:18:06 P.M. org.openqa.selenium.chromium.ChromiumDriver lambda$new$5
WARNING: Unable to find version of CDP to use for 146.0.7680.178. You may need to include a dependency on a specific version of the CDP using something similar to `org.seleniumhq.selenium:selenium-devtools-v86:4.20.0` where the version ("v86") matches the version of the chromium-based browser you're using and the version number of the artifact is the same as Selenium's.
Apr. 13, 2026 7:18:07 P.M. org.openqa.selenium.devtools.CdpVersionFinder findNearestMatch
WARNING: Unable to find CDP implementation matching 146
Apr. 13, 2026 7:18:07 P.M. org.openqa.selenium.chromium.ChromiumDriver lambda$new$5
WARNING: Unable to find version of CDP to use for 146.0.7680.178. You may need to include a dependency on a specific version of the CDP using something similar to `org.seleniumhq.selenium:selenium-devtools-v86:4.20.0` where the version ("v86") matches the version of the chromium-based browser you're using and the version number of the artifact is the same as Selenium's.
]]></system-err>
  </testcase>
  <testcase name="runScenario[&quot;Successful login with a standard user&quot;, &quot;Login&quot;](4)" classname="com.saucedemo.tests.runners.RunCucumberTest" time="14.641">
    <system-out><![CDATA[
@smoke @login
Scenario: Successful login with a standard user         # src/test/resources/features/login.feature:7
2026-04-13 19:18:14 [TestNG-PoolService-2] INFO  io.github.bonigarcia.wdm.WebDriverManager - Using chromedriver 146.0.7680.165 (resolved driver for Chrome 146)
2026-04-13 19:18:14 [TestNG-PoolService-2] INFO  io.github.bonigarcia.wdm.WebDriverManager - Exporting webdriver.chrome.driver as C:\Users\ikinc\.cache\selenium\chromedriver\win64\146.0.7680.165\chromedriver.exe
2026-04-13 19:18:15 [TestNG-PoolService-2] INFO  com.saucedemo.tests.hooks.Hooks - Starting scenario: Successful login with a standard user on browser=chrome
  Given the user opens the SauceDemo login page         # com.saucedemo.tests.steps.LoginSteps.theUserOpensTheSauceDemoLoginPage()
  When the user logs in with "standardUser" credentials # com.saucedemo.tests.steps.LoginSteps.theUserLogsInWithCredentials(java.lang.String)
  Then the products page should be displayed            # com.saucedemo.tests.steps.LoginSteps.theProductsPageShouldBeDisplayed()
  Then the cart badge should show 0                                  # com.saucedemo.tests.steps.InventorySteps.theCartBadgeShouldShow(java.lang.Integer)
2026-04-13 19:18:29 [TestNG-PoolService-2] INFO  com.saucedemo.tests.hooks.Hooks - Finished scenario: Successful login with a standard user with status=PASSED
]]></system-out>
    <system-err><![CDATA[Apr. 13, 2026 7:18:15 P.M. org.openqa.selenium.devtools.CdpVersionFinder findNearestMatch
WARNING: Unable to find CDP implementation matching 146
Apr. 13, 2026 7:18:15 P.M. org.openqa.selenium.chromium.ChromiumDriver lambda$new$5
WARNING: Unable to find version of CDP to use for 146.0.7680.178. You may need to include a dependency on a specific version of the CDP using something similar to `org.seleniumhq.selenium:selenium-devtools-v86:4.20.0` where the version ("v86") matches the version of the chromium-based browser you're using and the version number of the artifact is the same as Selenium's.
]]></system-err>
  </testcase>
  <testcase name="runScenario[&quot;Remove a product from the products page&quot;, &quot;Inventory management&quot;](5)" classname="com.saucedemo.tests.runners.RunCucumberTest" time="1.277">
    <system-out><![CDATA[
@smoke @login
Scenario: Blocked login for a locked out user                                                          # src/test/resources/features/login.feature:12
2026-04-13 19:18:29 [TestNG-PoolService-2] INFO  io.github.bonigarcia.wdm.WebDriverManager - Using chromedriver 146.0.7680.165 (resolved driver for Chrome 146)
2026-04-13 19:18:29 [TestNG-PoolService-2] INFO  io.github.bonigarcia.wdm.WebDriverManager - Exporting webdriver.chrome.driver as C:\Users\ikinc\.cache\selenium\chromedriver\win64\146.0.7680.165\chromedriver.exe
2026-04-13 19:18:30 [TestNG-PoolService-1] INFO  com.saucedemo.tests.hooks.Hooks - Finished scenario: Remove a product from the products page with status=PASSED
]]></system-out>
  </testcase>
  <testcase name="runScenario[&quot;Blocked login for a locked out user&quot;, &quot;Login&quot;](6)" classname="com.saucedemo.tests.runners.RunCucumberTest" time="2.734">
    <system-out><![CDATA[2026-04-13 19:18:30 [TestNG-PoolService-2] INFO  com.saucedemo.tests.hooks.Hooks - Starting scenario: Blocked login for a locked out user on browser=chrome
  Given the user opens the SauceDemo login page                                                        # com.saucedemo.tests.steps.LoginSteps.theUserOpensTheSauceDemoLoginPage()
  When the user attempts login with "lockedOutUser" credentials                                        # com.saucedemo.tests.steps.LoginSteps.theUserAttemptsLoginWithCredentials(java.lang.String)
  Then a login error message "Epic sadface: Sorry, this user has been locked out." should be displayed # com.saucedemo.tests.steps.LoginSteps.aLoginErrorMessageShouldBeDisplayed(java.lang.String)
2026-04-13 19:18:31 [TestNG-PoolService-2] INFO  com.saucedemo.tests.hooks.Hooks - Finished scenario: Blocked login for a locked out user with status=PASSED
]]></system-out>
    <system-err><![CDATA[Apr. 13, 2026 7:18:30 P.M. org.openqa.selenium.devtools.CdpVersionFinder findNearestMatch
WARNING: Unable to find CDP implementation matching 146
Apr. 13, 2026 7:18:30 P.M. org.openqa.selenium.chromium.ChromiumDriver lambda$new$5
WARNING: Unable to find version of CDP to use for 146.0.7680.178. You may need to include a dependency on a specific version of the CDP using something similar to `org.seleniumhq.selenium:selenium-devtools-v86:4.20.0` where the version ("v86") matches the version of the chromium-based browser you're using and the version number of the artifact is the same as Selenium's.
]]></system-err>
  </testcase>
</testsuite>