<?xml version="1.0" encoding="UTF-8"?>
<testng-results ignored="0" total="6" passed="6" failed="0" skipped="0">
  <reporter-output>
  </reporter-output>
  <suite started-at="2026-04-13T19:17:28 EDT" name="SauceDemo UI Suite" finished-at="2026-04-13T19:18:32 EDT" duration-ms="63585">
    <groups>
      <group name="cucumber">
        <method signature="AbstractTestNGCucumberTests.runScenario(io.cucumber.testng.PickleWrapper,io.cucumber.testng.FeatureWrapper)[pri:0, instance:com.saucedemo.tests.runners.RunCucumberTest@28babeca]" name="runScenario" class="io.cucumber.testng.AbstractTestNGCucumberTests"/>
      </group> <!-- cucumber -->
    </groups>
    <test started-at="2026-04-13T19:17:28 EDT" name="Cucumber Scenarios" finished-at="2026-04-13T19:18:32 EDT" duration-ms="63585">
      <class name="com.saucedemo.tests.runners.RunCucumberTest">
        <test-method is-config="true" signature="setUpClass(org.testng.ITestContext)[pri:0, instance:com.saucedemo.tests.runners.RunCucumberTest@28babeca]" started-at="2026-04-13T19:17:28 EDT" name="setUpClass" finished-at="2026-04-13T19:17:39 EDT" duration-ms="10708" status="PASS">
          <params>
            <param index="0">
              <value>
                <![CDATA[org.testng.TestRunner@6eb00cbe]]>
              </value>
            </param>
          </params>
          <reporter-output>
          </reporter-output>
        </test-method> <!-- setUpClass -->
        <test-method signature="runScenario(io.cucumber.testng.PickleWrapper,io.cucumber.testng.FeatureWrapper)[pri:0, instance:com.saucedemo.tests.runners.RunCucumberTest@28babeca]" started-at="2026-04-13T19:17:39 EDT" name="runScenario" description="Runs Cucumber Scenarios" data-provider="scenarios" finished-at="2026-04-13T19:18:06 EDT" duration-ms="26798" status="PASS">
          <params>
            <param index="0">
              <value>
                <![CDATA["Complete checkout for a single product"]]>
              </value>
            </param>
            <param index="1">
              <value>
                <![CDATA["Checkout flow"]]>
              </value>
            </param>
          </params>
          <reporter-output>
          </reporter-output>
        </test-method> <!-- runScenario -->
        <test-method signature="runScenario(io.cucumber.testng.PickleWrapper,io.cucumber.testng.FeatureWrapper)[pri:0, instance:com.saucedemo.tests.runners.RunCucumberTest@28babeca]" started-at="2026-04-13T19:17:39 EDT" name="runScenario" description="Runs Cucumber Scenarios" data-provider="scenarios" finished-at="2026-04-13T19:18:05 EDT" duration-ms="25815" status="PASS">
          <params>
            <param index="0">
              <value>
                <![CDATA["Sort products from Z to A"]]>
              </value>
            </param>
            <param index="1">
              <value>
                <![CDATA["Inventory management"]]>
              </value>
            </param>
          </params>
          <reporter-output>
          </reporter-output>
        </test-method> <!-- runScenario -->
        <test-method signature="runScenario(io.cucumber.testng.PickleWrapper,io.cucumber.testng.FeatureWrapper)[pri:0, instance:com.saucedemo.tests.runners.RunCucumberTest@28babeca]" started-at="2026-04-13T19:18:05 EDT" name="runScenario" description="Runs Cucumber Scenarios" data-provider="scenarios" finished-at="2026-04-13T19:18:14 EDT" duration-ms="9132" status="PASS">
          <params>
            <param index="0">
              <value>
                <![CDATA["Add a product to the cart from the products page"]]>
              </value>
            </param>
            <param index="1">
              <value>
                <![CDATA["Inventory management"]]>
              </value>
            </param>
          </params>
          <reporter-output>
          </reporter-output>
        </test-method> <!-- runScenario -->
        <test-method signature="runScenario(io.cucumber.testng.PickleWrapper,io.cucumber.testng.FeatureWrapper)[pri:0, instance:com.saucedemo.tests.runners.RunCucumberTest@28babeca]" started-at="2026-04-13T19:18:06 EDT" name="runScenario" description="Runs Cucumber Scenarios" data-provider="scenarios" finished-at="2026-04-13T19:18:30 EDT" duration-ms="24108" status="PASS">
          <params>
            <param index="0">
              <value>
                <![CDATA["Remove a product from the products page"]]>
              </value>
            </param>
            <param index="1">
              <value>
                <![CDATA["Inventory management"]]>
              </value>
            </param>
          </params>
          <reporter-output>
          </reporter-output>
        </test-method> <!-- runScenario -->
        <test-method signature="runScenario(io.cucumber.testng.PickleWrapper,io.cucumber.testng.FeatureWrapper)[pri:0, instance:com.saucedemo.tests.runners.RunCucumberTest@28babeca]" started-at="2026-04-13T19:18:14 EDT" name="runScenario" description="Runs Cucumber Scenarios" data-provider="scenarios" finished-at="2026-04-13T19:18:29 EDT" duration-ms="14609" status="PASS">
          <params>
            <param index="0">
              <value>
                <![CDATA["Successful login with a standard user"]]>
              </value>
            </param>
            <param index="1">
              <value>
                <![CDATA["Login"]]>
              </value>
            </param>
          </params>
          <reporter-output>
          </reporter-output>
        </test-method> <!-- runScenario -->
        <test-method signature="runScenario(io.cucumber.testng.PickleWrapper,io.cucumber.testng.FeatureWrapper)[pri:0, instance:com.saucedemo.tests.runners.RunCucumberTest@28babeca]" started-at="2026-04-13T19:18:29 EDT" name="runScenario" description="Runs Cucumber Scenarios" data-provider="scenarios" finished-at="2026-04-13T19:18:31 EDT" duration-ms="2738" status="PASS">
          <params>
            <param index="0">
              <value>
                <![CDATA["Blocked login for a locked out user"]]>
              </value>
            </param>
            <param index="1">
              <value>
                <![CDATA["Login"]]>
              </value>
            </param>
          </params>
          <reporter-output>
          </reporter-output>
        </test-method> <!-- runScenario -->
        <test-method is-config="true" signature="tearDownClass()[pri:0, instance:com.saucedemo.tests.runners.RunCucumberTest@28babeca]" started-at="2026-04-13T19:18:31 EDT" name="tearDownClass" finished-at="2026-04-13T19:18:32 EDT" duration-ms="169" status="PASS">
          <reporter-output>
          </reporter-output>
        </test-method> <!-- tearDownClass -->
      </class> <!-- com.saucedemo.tests.runners.RunCucumberTest -->
    </test> <!-- Cucumber Scenarios -->
  </suite> <!-- SauceDemo UI Suite -->
</testng-results>
