<?xml version="1.0" encoding="UTF-8"?>
<!-- Generated by org.testng.reporters.JUnitReportReporter -->
<testsuite hostname="salimhashim" failures="0" tests="6" name="com.saucedemo.tests.runners.RunCucumberTest" time="103.200" errors="0" timestamp="2026-04-13T19:18:32 EDT" skipped="0">
  <testcase classname="com.saucedemo.tests.runners.RunCucumberTest" name="runScenario" time="14.609"/>
  <testcase classname="com.saucedemo.tests.runners.RunCucumberTest" name="runScenario" time="24.108"/>
  <testcase classname="com.saucedemo.tests.runners.RunCucumberTest" name="runScenario" time="9.132"/>
  <testcase classname="com.saucedemo.tests.runners.RunCucumberTest" name="runScenario" time="26.798"/>
  <testcase classname="com.saucedemo.tests.runners.RunCucumberTest" name="runScenario" time="25.815"/>
  <testcase classname="com.saucedemo.tests.runners.RunCucumberTest" name="runScenario" time="2.738"/>
</testsuite> <!-- com.saucedemo.tests.runners.RunCucumberTest -->
